6 3 0 15147
5 3 0 15151
2 0 6 15152
-1 6 3 15153
4 3 0 15163
2 0 5 15164
1 0 6 15165
-1 6 2 15167
5 2 0 15168
-1 5 3 15166
-1 5 2 15186
4 2 0 15187
1 0 5 15185
-1 4 3 15191
4 2 0 15198
-1 5 2 15201
3 3 0 15189
0 0 6 15203
-1 6 1 15204
2 0 4 15190
1 0 5 15199
5 1 0 15205
4 1 0 15222
-1 5 1 15220
0 0 5 15219
-1 4 2 15235
3 2 0 15233
1 0 4 15234
-1 5 1 15251
4 1 0 15253
-1 5 1 15256
0 0 5 15255
0 0 5 15250
1 0 4 15271
3 2 0 15260
-1 4 1 15277
3 2 0 15273
-1 4 2 15262
1 0 4 15261
-1 4 2 15272
4 1 0 15254
3 1 0 15274
0 0 4 15276
3 1 0 15297
0 0 4 15298
-1 4 1 15299
2 2 0 15317
-1 4 1 15313
2 2 0 15321
1 0 3 15322
1 0 3 15318
3 1 0 15314
-1 3 2 15319
-1 3 2 15323
0 0 4 15312
3 1 0 15343
-1 4 1 15345
0 0 3 15358
-1 4 1 15350
0 0 4 15349
0 0 4 15344
-1 4 1 15354
0 0 4 15353
3 1 0 15357
2 1 0 15355
0 0 3 15364
3 1 0 15351
-1 3 1 15359
2 1 0 15363
-1 3 2 15387
1 0 3 15386
-1 3 1 15365
2 2 0 15385
2 1 0 15419
0 0 3 15420
-1 3 1 15427
2 1 0 15428
-1 3 1 15430
-1 3 1 15423
0 0 3 15429
0 0 3 15426
2 1 0 15431
2 1 0 15452
0 0 3 15453
-1 3 1 15454
1 1 0 15463
1 1 0 15467
0 0 2 15464
0 0 2 15468
2 1 0 15472
-1 2 1 15465
0 0 3 15461
0 0 3 15473
2 1 0 15459
-1 3 1 15475
-1 3 1 15462
-1 2 1 15469
-1 2 1 15515
0 0 3 15506
-1 3 1 15507
1 1 0 15513
2 1 0 15510
0 0 2 15514
1 1 0 15534
0 0 2 15535
-1 2 1 15536
0 0 2 15556
0 0 2 15559
1 1 0 15563
1 1 0 15558
-1 2 1 15561
-1 2 1 15557
1 1 0 15555
-1 2 1 15578
-1 2 1 15567
0 0 2 15577
0 0 2 15564
1 1 0 15591
1 1 0 15576
-1 2 1 15594
0 0 2 15593
1 0 2 15628
1 0 2 15639
1 0 2 15647
1 0 2 15650
1 0 2 15668
1 0 2 15670
1 1 0 15675
-1 2 1 15674
0 0 2 15673
1 1 0 15682
0 0 2 15680
0 0 2 15690
-1 2 1 15692
1 0 2 15685
1 1 0 15693
1 0 2 15695
-1 2 1 15681
1 0 2 15696
1 1 0 15717
0 0 2 15720
0 0 2 15714
-1 2 1 15721
-1 2 1 15716
-1 2 1 15728
0 0 2 15727
1 1 0 15729
1 1 0 15722
1 1 0 15769
0 0 2 15767
-1 2 1 15768
0 0 2 15778
0 2 1 15776
-1 2 1 15785
0 0 2 15784
-1 2 1 15779
1 1 0 15780
1 1 0 15786
0 2 1 15815
0 2 1 15814
0 2 1 15821
0 2 1 15831
0 2 1 15838
0 2 1 15852
0 2 1 15860
0 2 1 15868
0 3 2 15892
2 0 3 15895
2 0 3 15899
2 0 3 15901
2 0 3 15911
0 3 2 15920
1 0 3 15925
-1 3 2 15932
2 2 0 15927
-1 3 2 15926
2 2 0 15933
2 2 0 15943
1 0 3 15931
2 0 3 15952
1 0 3 15940
-1 3 2 15941
1 0 3 15947
2 2 0 15949
-1 3 2 15948
0 3 2 15977
2 0 3 15978
2 3 3 15983
1 0 3 15998
2 2 0 16000
-1 3 2 15999
2 3 3 16023
3 3 2 16026
3 3 2 16037
3 3 2 16042
1 0 3 16038
2 2 0 16041
-1 3 2 16039
3 3 2 16053
2 3 3 16064
3 3 2 16077
0 4 3 16100
3 3 2 16103
0 4 3 16112
3 0 4 16121
3 0 4 16120
3 0 4 16133
3 4 4 16141
3 3 0 16146
3 3 0 16149
-1 4 3 16144
2 0 4 16142
2 0 4 16147
-1 4 3 16148
3 4 4 16159
0 4 3 16162
2 0 4 16166
3 3 0 16168
-1 4 3 16167
-1 4 2 16186
1 0 4 16185
1 0 4 16201
3 2 0 16204
-1 4 2 16202
3 2 0 16187
1 0 4 16219
-1 4 2 16220
3 2 0 16221
4 4 3 16238
4 4 3 16242
4 4 3 16247
4 4 3 16257
3 4 4 16267
4 4 3 16274
4 4 3 16278
4 4 3 16293
4 0 5 16302
0 5 4 16305
-1 5 4 16315
4 4 0 16316
3 0 5 16314
0 5 4 16331
2 0 5 16333
-1 5 3 16334
4 3 0 16335
4 5 5 16343
4 2 0 16356
1 0 5 16354
-1 5 2 16355
5 5 4 16371
5 5 4 16379
4 5 5 16391
5 5 4 16397
5 5 4 16407
0 6 5 16416
6 6 5 16424
5 6 6 16432
